This is LuaHBTeX, Version 1.13.0 (TeX Live 2021)  (format=lualatex 2021.12.7)  7 DEC 2021 19:14
 restricted system commands enabled.
 file:line:error style messages enabled.
**/home/clemens/src/mars-ideal-landing-spot/article.tex
(/home/clemens/src/mars-ideal-landing-spot/article.tex
LaTeX2e <2020-10-01> patch level 4
Lua module: luaotfload 2021-01-08 3.17 Lua based OpenType font support
Lua module: lualibs 2020-12-30 2.73 ConTeXt Lua standard libraries.
Lua module: lualibs-extended 2020-12-30 2.73 ConTeXt Lua libraries -- extended collection.
luaotfload | conf : Root cache directory is "/home/clemens/.texlive2021/texmf-var/luatex-cache/generic/names".
luaotfload | init : Loading fontloader "fontloader-2021-01-07.lua" from kpse-resolved path "/usr/share/texlive/texmf-dist/tex/luatex/luaotfload/fontloader-2021-01-07.lua".
Lua-only attribute luaotfload@noligature = 1
Lua-only attribute luaotfload@syllabe = 2
luaotfload | init : Context OpenType loader version 0x1.8e76c8b439581p+1
Inserting `luaotfload.node_processor' at position 1 in `pre_linebreak_filter'.
Inserting `luaotfload.node_processor' at position 1 in `hpack_filter'.
Inserting `luaotfload.glyph_stream' at position 1 in `glyph_stream_provider'.
Inserting `luaotfload.define_font' at position 1 in `define_font'.
Lua-only attribute luaotfload_color_attribute = 3
luaotfload | conf : Root cache directory is "/home/clemens/.texlive2021/texmf-var/luatex-cache/generic/names".
Inserting `luaotfload.harf.strip_prefix' at position 1 in `find_opentype_file'.
Inserting `luaotfload.harf.strip_prefix' at position 1 in `find_truetype_file'.
Inserting `luaotfload.harf.finalize_vlist' at position 1 in `post_linebreak_filter'.
Inserting `luaotfload.harf.finalize_hlist' at position 2 in `hpack_filter'.
Inserting `luaotfload.cleanup_files' at position 1 in `wrapup_run'.
Inserting `luaotfload.harf.finalize_unicode' at position 1 in `finish_pdffile'.
Inserting `luaotfload.glyphinfo' at position 1 in `glyph_info'.
Inserting `luaotfload.aux.set_sscale_dimens' at position 1 in `luaotfload.patch_font'.
Inserting `luaotfload.aux.set_font_index' at position 2 in `luaotfload.patch_font'.
Inserting `luaotfload.aux.patch_cambria_domh' at position 3 in `luaotfload.patch_font'.
Inserting `luaotfload.aux.fixup_fontdata' at position 1 in `luaotfload.patch_font_unsafe'.
Inserting `luaotfload.aux.set_capheight' at position 4 in `luaotfload.patch_font'.
Inserting `luaotfload.aux.set_xheight' at position 5 in `luaotfload.patch_font'.
Inserting `luaotfload.rewrite_fontname' at position 6 in `luaotfload.patch_font'. L3 programming layer <2021-05-07> (/usr/share/texlive/texmf-dist/tex/latex/base/article.cls
Document Class: article 2020/04/10 v1.4m Standard LaTeX document class
(/usr/share/texlive/texmf-dist/tex/latex/base/size10.clo
File: size10.clo 2020/04/10 v1.4m Standard LaTeX file (size option)
luaotfload | db : Font names database loaded from /home/clemens/.texlive2021/texmf-var/luatex-cache/generic/names/luaotfload-names.luc)
\c@part=\count175
\c@section=\count176
\c@subsection=\count177
\c@subsubsection=\count178
\c@paragraph=\count179
\c@subparagraph=\count180
\c@figure=\count181
\c@table=\count182
\abovecaptionskip=\skip47
\belowcaptionskip=\skip48
\bibindent=\dimen138
) (/usr/share/texlive/texmf-dist/tex/latex/base/inputenc.sty
Package: inputenc 2020/08/01 v1.3d Input encoding file
\inpenc@prehook=\toks15
\inpenc@posthook=\toks16


Package inputenc Warning: inputenc package ignored with utf8 based engines.

) (/usr/share/texlive/texmf-dist/tex/latex/lettrine/lettrine.sty
File: lettrine.sty 2020-03-14 v2.23 (Daniel Flipo)
 (/usr/share/texlive/texmf-dist/tex/latex/graphics/keyval.sty
Package: keyval 2014/10/28 v1.15 key=value parser (DPC)
\KV@toks@=\toks17
) (/usr/share/texlive/texmf-dist/tex/generic/minifp/minifp.sty
Package: minifp 2013/12/30 v0.96. Macros for real number operations and a stack-based programing language.
\MFP@loopctr=\count183
)
\c@DefaultLines=\count184
\c@DefaultDepth=\count185
\DefaultFindent=\dimen139
\DefaultNindent=\dimen140
\DefaultSlope=\dimen141
\DiscardVskip=\dimen142
\L@lbox=\box47
\L@tbox=\box48
\c@L@lines=\count186
\c@L@depth=\count187
\L@Pindent=\dimen143
\L@Findent=\dimen144
\L@Nindent=\dimen145
\L@lraise=\dimen146
\L@first=\dimen147
\L@next=\dimen148
\L@slope=\dimen149
\L@height=\dimen150
\L@novskip=\dimen151
\L@target@ht=\dimen152
\L@target@dp=\dimen153
\L@target@tht=\dimen154
\LettrineWidth=\dimen155
\LettrineHeight=\dimen156
\LettrineDepth=\dimen157
\Llist@everypar=\toks18

Loading lettrine.cfg
(/usr/share/texlive/texmf-dist/tex/latex/lettrine/lettrine.cfg)) (/usr/share/texlive/texmf-dist/tex/generic/babel/babel.sty
Package: babel 2021/04/26 3.58 The Babel package
 (/usr/share/texlive/texmf-dist/tex/generic/babel/babel.def
File: babel.def 2021/04/26 3.58 Babel common definitions
) (/usr/share/texlive/texmf-dist/tex/generic/babel/luababel.def
\bbl@readstream=\read2
\l@dumylang=\language2
Package babel Info: Non-standard hyphenation setup on input line 117.
\l@nohyphenation=\language3
\l@polish=\language4
\l@ukrainian=\language5
\l@russian=\language6
\l@german=\language7
\l@ngerman=\language8
\l@swissgerman=\language9
\l@german-x-2021-02-26=\language10
\l@ngerman-x-2021-02-26=\language11
\l@afrikaans=\language12
\l@ibycus=\language13
\l@arabic=\language14
\l@armenian=\language15
\l@basque=\language16
\l@belarusian=\language17
\l@bulgarian=\language18
\l@catalan=\language19
\l@pinyin=\language20
\l@churchslavonic=\language21
\l@coptic=\language22
\l@croatian=\language23
\l@czech=\language24
\l@danish=\language25
\l@dutch=\language26
\l@ukenglish=\language27
\l@usenglishmax=\language28
\l@esperanto=\language29
\l@estonian=\language30
\l@ethiopic=\language31
\l@farsi=\language32
\l@finnish=\language33
\l@schoolfinnish=\language34
\l@french=\language35
\l@friulan=\language36
\l@galician=\language37
\l@georgian=\language38
\l@greek=\language39
\l@hungarian=\language40
\l@icelandic=\language41
\l@assamese=\language42
\l@bengali=\language43
\l@gujarati=\language44
\l@hindi=\language45
\l@kannada=\language46
\l@malayalam=\language47
\l@marathi=\language48
\l@oriya=\language49
\l@odia=\language50
\l@panjabi=\language51
\l@tamil=\language52
\l@telugu=\language53
\l@indonesian=\language54
\l@interlingua=\language55
\l@irish=\language56
\l@italian=\language57
\l@kurmanji=\language58
\l@latin=\language59
\l@classiclatin=\language60
\l@classiclatin=\language61
\l@latvian=\language62
\l@lithuanian=\language63
\l@macedonian=\language64
\l@mongolian=\language65
\l@mongolianlmc=\language66
\l@bokmal=\language67
\l@nynorsk=\language68
\l@occitan=\language69
\l@piedmontese=\language70
\l@portuguese=\language71
\l@romanian=\language72
\l@romansh=\language73
\l@sanskrit=\language74
\l@serbian=\language75
\l@serbianc=\language76
\l@slovak=\language77
\l@slovenian=\language78
\l@spanish=\language79
\l@swedish=\language80
\l@thai=\language81
\l@turkish=\language82
\l@turkmen=\language83
\l@uppersorbian=\language84
\l@welsh=\language85
\babelcatcodetablenum=\catcodetable12
\bbl@pattcodes=\catcodetable13
)) (/usr/share/texlive/texmf-dist/tex/latex/fontspec/fontspec.sty (/usr/share/texlive/texmf-dist/tex/latex/l3packages/xparse/xparse.sty (/usr/share/texlive/texmf-dist/tex/latex/l3kernel/expl3.sty
Package: expl3 2021-05-07 L3 programming layer (loader) 
 (/usr/share/texlive/texmf-dist/tex/latex/l3backend/l3backend-luatex.def
File: l3backend-luatex.def 2021-05-07 L3 backend support: PDF output (LuaTeX)
\l__color_backend_stack_int=\count188
\l__pdf_internal_box=\box49
)) (/usr/share/texlive/texmf-dist/tex/latex/l3packages/xparse/xparse-2020-10-01.sty (/usr/share/texlive/texmf-dist/tex/latex/l3packages/xparse/xparse-generic.tex)))
Package: fontspec 2020/02/21 v2.7i Font selection for XeLaTeX and LuaLaTeX
Lua module: fontspec 2020/02/21 2.7i Font selection for XeLaTeX and LuaLaTeX (/usr/share/texlive/texmf-dist/tex/latex/fontspec/fontspec-luatex.sty
Package: fontspec-luatex 2020/02/21 v2.7i Font selection for XeLaTeX and LuaLaTeX
\l__fontspec_script_int=\count189
\l__fontspec_language_int=\count190
\l__fontspec_strnum_int=\count191
\l__fontspec_tmp_int=\count192
\l__fontspec_tmpa_int=\count193
\l__fontspec_tmpb_int=\count194
\l__fontspec_tmpc_int=\count195
\l__fontspec_em_int=\count196
\l__fontspec_emdef_int=\count197
\l__fontspec_strong_int=\count198
\l__fontspec_strongdef_int=\count199
\l__fontspec_tmpa_dim=\dimen158
\l__fontspec_tmpb_dim=\dimen159
\l__fontspec_tmpc_dim=\dimen160
 (/usr/share/texlive/texmf-dist/tex/latex/base/fontenc.sty
Package: fontenc 2020/08/10 v2.0s Standard LaTeX package
) (/usr/share/texlive/texmf-dist/tex/latex/fontspec/fontspec.cfg))) (/usr/share/texlive/texmf-dist/tex/latex/lipsum/lipsum.sty
Package: lipsum 2021-03-03 v2.3 150 paragraphs of Lorem Ipsum dummy text
 (/usr/share/texlive/texmf-dist/tex/latex/lipsum/lipsum.ltd.tex
File: lipsum.ltd.tex 2021-03-03 v2.3 The Lorem ipsum dummy text
)) (/usr/share/texlive/texmf-dist/tex/latex/geometry/geometry.sty
Package: geometry 2020/01/02 v5.9 Page Geometry
 (/usr/share/texlive/texmf-dist/tex/generic/iftex/ifvtex.sty
Package: ifvtex 2019/10/25 v1.7 ifvtex legacy package. Use iftex instead.
 (/usr/share/texlive/texmf-dist/tex/generic/iftex/iftex.sty
Package: iftex 2020/03/06 v1.0d TeX engine tests
))
\Gm@cnth=\count266
\Gm@cntv=\count267
\c@Gm@tempcnt=\count268
\Gm@bindingoffset=\dimen161
\Gm@wd@mp=\dimen162
\Gm@odd@mp=\dimen163
\Gm@even@mp=\dimen164
\Gm@layoutwidth=\dimen165
\Gm@layoutheight=\dimen166
\Gm@layouthoffset=\dimen167
\Gm@layoutvoffset=\dimen168
\Gm@dimlist=\toks19
) (/usr/share/texlive/texmf-dist/tex/latex/tools/multicol.sty
Package: multicol 2019/12/09 v1.8y multicolumn formatting (FMi)
\c@tracingmulticols=\count269
\mult@box=\box50
\multicol@leftmargin=\dimen169
\c@unbalance=\count270
\c@collectmore=\count271
\doublecol@number=\count272
\multicoltolerance=\count273
\multicolpretolerance=\count274
\full@width=\dimen170
\page@free=\dimen171
\premulticols=\dimen172
\postmulticols=\dimen173
\multicolsep=\skip49
\multicolbaselineskip=\skip50
\partial@page=\box51
\last@line=\box52
\maxbalancingoverflow=\dimen174
\mult@rightbox=\box53
\mult@grightbox=\box54
\mult@gfirstbox=\box55
\mult@firstbox=\box56
\@tempa=\box57
\@tempa=\box58
\@tempa=\box59
\@tempa=\box60
\@tempa=\box61
\@tempa=\box62
\@tempa=\box63
\@tempa=\box64
\@tempa=\box65
\@tempa=\box66
\@tempa=\box67
\@tempa=\box68
\@tempa=\box69
\@tempa=\box70
\@tempa=\box71
\@tempa=\box72
\@tempa=\box73
\@tempa=\box74
\@tempa=\box75
\@tempa=\box76
\@tempa=\box77
\@tempa=\box78
\@tempa=\box79
\@tempa=\box80
\@tempa=\box81
\@tempa=\box82
\@tempa=\box83
\@tempa=\box84
\@tempa=\box85
\@tempa=\box86
\@tempa=\box87
\@tempa=\box88
\@tempa=\box89
\@tempa=\box90
\@tempa=\box91
\@tempa=\box92
\@tempa=\box93
\c@minrows=\count275
\c@columnbadness=\count276
\c@finalcolumnbadness=\count277
\last@try=\dimen175
\multicolovershoot=\dimen176
\multicolundershoot=\dimen177
\mult@nat@firstbox=\box94
\colbreak@box=\box95
\mc@col@check@num=\count278
) (/usr/share/texlive/texmf-dist/tex/latex/fancyhdr/fancyhdr.sty
Package: fancyhdr 2021/01/28 v4.0.1 Extensive control of page headers and footers
\f@nch@headwidth=\skip51
\f@nch@O@elh=\skip52
\f@nch@O@erh=\skip53
\f@nch@O@olh=\skip54
\f@nch@O@orh=\skip55
\f@nch@O@elf=\skip56
\f@nch@O@erf=\skip57
\f@nch@O@olf=\skip58
\f@nch@O@orf=\skip59
) (/usr/share/texlive/texmf-dist/tex/latex/xcolor/xcolor.sty
Package: xcolor 2016/05/11 v2.12 LaTeX color extensions (UK)
 (/usr/share/texlive/texmf-dist/tex/latex/graphics-cfg/color.cfg
File: color.cfg 2016/01/02 v1.6 sample color configuration
)
Package xcolor Info: Driver file: luatex.def on input line 225.
 (/usr/share/texlive/texmf-dist/tex/latex/graphics-def/luatex.def
File: luatex.def 2020/10/05 v1.2a Graphics/color driver for luatex
)
Package xcolor Info: Model `cmy' substituted by `cmy0' on input line 1348.
Package xcolor Info: Model `hsb' substituted by `rgb' on input line 1352.
Package xcolor Info: Model `RGB' extended on input line 1364.
Package xcolor Info: Model `HTML' substituted by `rgb' on input line 1366.
Package xcolor Info: Model `Hsb' substituted by `hsb' on input line 1367.
Package xcolor Info: Model `tHsb' substituted by `hsb' on input line 1368.
Package xcolor Info: Model `HSB' substituted by `hsb' on input line 1369.
Package xcolor Info: Model `Gray' substituted by `gray' on input line 1370.
Package xcolor Info: Model `wave' substituted by `hsb' on input line 1371.
 (/usr/share/texlive/texmf-dist/tex/latex/graphics/dvipsnam.def
File: dvipsnam.def 2016/06/17 v3.0m Driver-dependent file (DPC,SPQR)
)) (/usr/share/texlive/texmf-dist/tex/latex/lm/lmodern.sty
Package: lmodern 2015/05/01 v1.6.1 Latin Modern Fonts
LaTeX Font Info:    Overwriting symbol font `operators' in version `normal'
(Font)                  OT1/cmr/m/n --> OT1/lmr/m/n on input line 22.
LaTeX Font Info:    Overwriting symbol font `letters' in version `normal'
(Font)                  OML/cmm/m/it --> OML/lmm/m/it on input line 23.
LaTeX Font Info:    Overwriting symbol font `symbols' in version `normal'
(Font)                  OMS/cmsy/m/n --> OMS/lmsy/m/n on input line 24.
LaTeX Font Info:    Overwriting symbol font `largesymbols' in version `normal'
(Font)                  OMX/cmex/m/n --> OMX/lmex/m/n on input line 25.
LaTeX Font Info:    Overwriting symbol font `operators' in version `bold'
(Font)                  OT1/cmr/bx/n --> OT1/lmr/bx/n on input line 26.
LaTeX Font Info:    Overwriting symbol font `letters' in version `bold'
(Font)                  OML/cmm/b/it --> OML/lmm/b/it on input line 27.
LaTeX Font Info:    Overwriting symbol font `symbols' in version `bold'
(Font)                  OMS/cmsy/b/n --> OMS/lmsy/b/n on input line 28.
LaTeX Font Info:    Overwriting symbol font `largesymbols' in version `bold'
(Font)                  OMX/cmex/m/n --> OMX/lmex/m/n on input line 29.
LaTeX Font Info:    Overwriting math alphabet `\mathbf' in version `normal'
(Font)                  OT1/cmr/bx/n --> OT1/lmr/bx/n on input line 31.
LaTeX Font Info:    Overwriting math alphabet `\mathsf' in version `normal'
(Font)                  OT1/cmss/m/n --> OT1/lmss/m/n on input line 32.
LaTeX Font Info:    Overwriting math alphabet `\mathit' in version `normal'
(Font)                  OT1/cmr/m/it --> OT1/lmr/m/it on input line 33.
LaTeX Font Info:    Overwriting math alphabet `\mathtt' in version `normal'
(Font)                  OT1/cmtt/m/n --> OT1/lmtt/m/n on input line 34.
LaTeX Font Info:    Overwriting math alphabet `\mathbf' in version `bold'
(Font)                  OT1/cmr/bx/n --> OT1/lmr/bx/n on input line 35.
LaTeX Font Info:    Overwriting math alphabet `\mathsf' in version `bold'
(Font)                  OT1/cmss/bx/n --> OT1/lmss/bx/n on input line 36.
LaTeX Font Info:    Overwriting math alphabet `\mathit' in version `bold'
(Font)                  OT1/cmr/bx/it --> OT1/lmr/bx/it on input line 37.
LaTeX Font Info:    Overwriting math alphabet `\mathtt' in version `bold'
(Font)                  OT1/cmtt/m/n --> OT1/lmtt/m/n on input line 38.
) (/usr/share/texlive/texmf-dist/tex/latex/base/fontenc.sty
Package: fontenc 2020/08/10 v2.0s Standard LaTeX package
LaTeX Font Info:    Trying to load font information for T1+lmr on input line 112.
 (/usr/share/texlive/texmf-dist/tex/latex/lm/t1lmr.fd
File: t1lmr.fd 2015/05/01 v1.6.1 Font defs for Latin Modern
))
luaotfload | aux : font no 28 (nil) does not define feature smcp for script latn with language dflt
luaotfload | aux : font no 29 (nil) does not define feature smcp for script latn with language dflt
luaotfload | aux : font no 30 (nil) does not define feature smcp for script latn with language dflt
luaotfload | aux : font no 31 (nil) does not define feature smcp for script latn with language dflt

Package fontspec Info: Font family 'Carlito-Regular.ttf(0)' created for font
(fontspec)             'Carlito-Regular.ttf' with options
(fontspec)             [Ligatures=TeX,Path=fonts/,BoldItalicFont=Carlito-BoldItalic.ttf,BoldFont=Carlito-Bold.ttf,ItalicFont=Carlito-Italic.ttf,SizeFeatures={Size=11}].
(fontspec)              
(fontspec)              This font family consists of the following NFSS
(fontspec)             series/shapes:
(fontspec)              
(fontspec)             - 'normal' (m/n) with NFSS spec.:
(fontspec)             <11>"[fonts/Carlito-Regular.ttf]:mode=node;script=latn;language=dflt;+tlig;"
(fontspec)             - 'small caps'  (m/sc) with NFSS spec.: 
(fontspec)             - 'bold' (b/n) with NFSS spec.:
(fontspec)             <->"[fonts/Carlito-Bold.ttf]:mode=node;script=latn;language=dflt;+tlig;"
(fontspec)             - 'bold small caps'  (b/sc) with NFSS spec.: 
(fontspec)             - 'italic' (m/it) with NFSS spec.:
(fontspec)             <->"[fonts/Carlito-Italic.ttf]:mode=node;script=latn;language=dflt;+tlig;"
(fontspec)             - 'italic small caps'  (m/scit) with NFSS spec.: 
(fontspec)             - 'bold italic' (b/it) with NFSS spec.:
(fontspec)             <->"[fonts/Carlito-BoldItalic.ttf]:mode=node;script=latn;language=dflt;+tlig;"
(fontspec)             - 'bold italic small caps'  (b/scit) with NFSS spec.: 



LaTeX Font Warning: Font shape `TU/Carlito-Regular.ttf(0)/m/n' in size <10> not available
(Font)              size <11> substituted on input line 45.

(./article.aux)
\openout1 = article.aux

LaTeX Font Info:    Checking defaults for OML/cmm/m/it on input line 46.
LaTeX Font Info:    ... okay on input line 46.
LaTeX Font Info:    Checking defaults for OMS/cmsy/m/n on input line 46.
LaTeX Font Info:    ... okay on input line 46.
LaTeX Font Info:    Checking defaults for OT1/cmr/m/n on input line 46.
LaTeX Font Info:    ... okay on input line 46.
LaTeX Font Info:    Checking defaults for T1/cmr/m/n on input line 46.
LaTeX Font Info:    ... okay on input line 46.
LaTeX Font Info:    Checking defaults for TS1/cmr/m/n on input line 46.
LaTeX Font Info:    Trying to load font information for TS1+cmr on input line 46.
 (/usr/share/texlive/texmf-dist/tex/latex/base/ts1cmr.fd
File: ts1cmr.fd 2019/12/16 v2.5j Standard LaTeX font definitions
)
LaTeX Font Info:    ... okay on input line 46.
LaTeX Font Info:    Checking defaults for TU/lmr/m/n on input line 46.
LaTeX Font Info:    ... okay on input line 46.
LaTeX Font Info:    Checking defaults for OMX/cmex/m/n on input line 46.
LaTeX Font Info:    ... okay on input line 46.
LaTeX Font Info:    Checking defaults for U/cmr/m/n on input line 46.
LaTeX Font Info:    ... okay on input line 46.

*geometry* driver: auto-detecting
*geometry* detected driver: luatex
*geometry* verbose mode - [ preamble ] result:
* driver: luatex
* paper: a4paper
* layout: <same size as paper>
* layoutoffset:(h,v)=(0.0pt,0.0pt)
* modes: 
* h-part:(L,W,R)=(81.94394pt, 433.62pt, 81.94394pt)
* v-part:(T,H,B)=(106.75473pt, 578.15999pt, 160.13213pt)
* \paperwidth=597.50787pt
* \paperheight=845.04684pt
* \textwidth=433.62pt
* \textheight=578.15999pt
* \oddsidemargin=9.67395pt
* \evensidemargin=9.67395pt
* \topmargin=-2.51526pt
* \headheight=12.0pt
* \headsep=25.0pt
* \topskip=10.0pt
* \footskip=30.0pt
* \marginparwidth=65.0pt
* \marginparsep=11.0pt
* \columnsep=10.0pt
* \skip\footins=9.0pt plus 4.0pt minus 2.0pt
* \hoffset=0.0pt
* \voffset=0.0pt
* \mag=1000
* \@twocolumnfalse
* \@twosidefalse
* \@mparswitchfalse
* \@reversemarginfalse
* (1in=72.27pt=25.4mm, 1cm=28.453pt)

(/usr/share/texlive/texmf-dist/tex/context/base/mkii/supp-pdf.mkii
[Loading MPS to PDF converter (version 2006.09.02).]
\scratchcounter=\count279
\scratchdimen=\dimen178
\scratchbox=\box96
\nofMPsegments=\count280
\nofMParguments=\count281
\everyMPshowfont=\toks20
\MPscratchCnt=\count282
\MPscratchDim=\dimen179
\MPnumerator=\count283
\makeMPintoPDFobject=\count284
\everyMPtoPDFconversion=\toks21
)

LaTeX Font Warning: Font shape `TU/Carlito-Regular.ttf(0)/m/n' in size <40> not available
(Font)              size <11> substituted on input line 50.


LaTeX Font Warning: Font shape `TU/Carlito-Regular.ttf(0)/m/sc' undefined
(Font)              using `TU/Carlito-Regular.ttf(0)/m/n' instead on input line 66.


LaTeX Font Warning: Font shape `TU/Carlito-Regular.ttf(0)/m/n' in size <17.25293> not available
(Font)              size <11> substituted on input line 66.


LaTeX Font Warning: Font shape `TU/Carlito-Regular.ttf(0)/m/n' in size <42.17616> not available
(Font)              size <11> substituted on input line 66.

Package lettrine.sty Info: Targeted height = 17.25293pt
(lettrine.sty)             (for loversize=0, accent excluded),
(lettrine.sty)             Lettrine height = 27.3486pt (\textbf {H});
(lettrine.sty)             reported on input line 66.

LaTeX Font Warning: Font shape `TU/Carlito-Regular.ttf(0)/m/sc' in size <10> not available
(Font)              size <11> substituted on input line 66.


Underfull \hbox (badness 6204) in paragraph at lines 66--93
[][] \TU/Carlito-Regular.ttf(0)/m/sc/11 need to ex-
 []


Underfull \hbox (badness 10000) in paragraph at lines 66--93
\TU/Carlito-Regular.ttf(0)/m/sc/11 long-standing ques-tion of
 []


Underfull \hbox (badness 6944) in paragraph at lines 66--93
\TU/Carlito-Regular.ttf(0)/m/sc/11 sider this a ques-tion eas-ily
 []


Underfull \hbox (badness 10000) in paragraph at lines 66--93
\TU/Carlito-Regular.ttf(0)/m/sc/11 Ad-di-tion-ally, space agen-cies
 []


Package fancyhdr Warning: \headheight is too small (12.0pt): 
(fancyhdr)                Make it at least 13.0pt, for example:
(fancyhdr)                \setlength{\headheight}{13.0pt}.
(fancyhdr)                You might also make \topmargin smaller to compensate:
(fancyhdr)                \addtolength{\topmargin}{-1.0pt}.

[1{/usr/share/texlive/texmf-var/fonts/map/pdftex/updmap/pdftex.map
warning  (file /usr/share/texlive/texmf-var/fonts/map/pdftex/updmap/pdftex.map) (map file): invalid entry for 'LHSName': both ps_name and font file missing

warning  (file /usr/share/texlive/texmf-var/fonts/map/pdftex/updmap/pdftex.map) (map file): invalid entry for 'RHSName': both ps_name and font file missing

warning  (file /usr/share/texlive/texmf-var/fonts/map/pdftex/updmap/pdftex.map) (map file): ambiguous entry for 'UniClass[letter]': font file present but not included, will be treated as font file not present

warning  (file /usr/share/texlive/texmf-var/fonts/map/pdftex/updmap/pdftex.map) (map file): entry for 'pagd8y' already exists, duplicates ignored

warning  (file /usr/share/texlive/texmf-var/fonts/map/pdftex/updmap/pdftex.map) (map file): entry for 'pagdo8y' already exists, duplicates ignored

warning  (file /usr/share/texlive/texmf-var/fonts/map/pdftex/updmap/pdftex.map) (map file): entry for 'pagk8y' already exists, duplicates ignored

warning  (file /usr/share/texlive/texmf-var/fonts/map/pdftex/updmap/pdftex.map) (map file): entry for 'pagko8y' already exists, duplicates ignored

warning  (file /usr/share/texlive/texmf-var/fonts/map/pdftex/updmap/pdftex.map) (map file): entry for 'pbkd8y' already exists, duplicates ignored

warning  (file /usr/share/texlive/texmf-var/fonts/map/pdftex/updmap/pdftex.map) (map file): entry for 'pbkdi8y' already exists, duplicates ignored

warning  (file /usr/share/texlive/texmf-var/fonts/map/pdftex/updmap/pdftex.map) (map file): entry for 'pbkdo8y' already exists, duplicates ignored

warning  (file /usr/share/texlive/texmf-var/fonts/map/pdftex/updmap/pdftex.map) (map file): entry for 'pbkl8y' already exists, duplicates ignored

warning  (file /usr/share/texlive/texmf-var/fonts/map/pdftex/updmap/pdftex.map) (map file): entry for 'pbkli8y' already exists, duplicates ignored

warning  (file /usr/share/texlive/texmf-var/fonts/map/pdftex/updmap/pdftex.map) (map file): entry for 'pbklo8y' already exists, duplicates ignored

warning  (file /usr/share/texlive/texmf-var/fonts/map/pdftex/updmap/pdftex.map) (map file): entry for 'pcrb8y' already exists, duplicates ignored

warning  (file /usr/share/texlive/texmf-var/fonts/map/pdftex/updmap/pdftex.map) (map file): entry for 'pcrbo8y' already exists, duplicates ignored

warning  (file /usr/share/texlive/texmf-var/fonts/map/pdftex/updmap/pdftex.map) (map file): entry for 'pcrr8y' already exists, duplicates ignored

warning  (file /usr/share/texlive/texmf-var/fonts/map/pdftex/updmap/pdftex.map) (map file): entry for 'pcrro8y' already exists, duplicates ignored

warning  (file /usr/share/texlive/texmf-var/fonts/map/pdftex/updmap/pdftex.map) (map file): entry for 'pcrr8rn' already exists, duplicates ignored

warning  (file /usr/share/texlive/texmf-var/fonts/map/pdftex/updmap/pdftex.map) (map file): entry for 'phvb8y' already exists, duplicates ignored

warning  (file /usr/share/texlive/texmf-var/fonts/map/pdftex/updmap/pdftex.map) (map file): entry for 'phvb8yn' already exists, duplicates ignored

warning  (file /usr/share/texlive/texmf-var/fonts/map/pdftex/updmap/pdftex.map) (map file): entry for 'phvbo8y' already exists, duplicates ignored

warning  (file /usr/share/texlive/texmf-var/fonts/map/pdftex/updmap/pdftex.map) (map file): entry for 'phvbo8yn' already exists, duplicates ignored

warning  (file /usr/share/texlive/texmf-var/fonts/map/pdftex/updmap/pdftex.map) (map file): entry for 'phvr8y' already exists, duplicates ignored

warning  (file /usr/share/texlive/texmf-var/fonts/map/pdftex/updmap/pdftex.map) (map file): entry for 'phvr8yn' already exists, duplicates ignored

warning  (file /usr/share/texlive/texmf-var/fonts/map/pdftex/updmap/pdftex.map) (map file): entry for 'phvro8y' already exists, duplicates ignored

warning  (file /usr/share/texlive/texmf-var/fonts/map/pdftex/updmap/pdftex.map) (map file): entry for 'phvro8yn' already exists, duplicates ignored

warning  (file /usr/share/texlive/texmf-var/fonts/map/pdftex/updmap/pdftex.map) (map file): entry for 'pncb8y' already exists, duplicates ignored

warning  (file /usr/share/texlive/texmf-var/fonts/map/pdftex/updmap/pdftex.map) (map file): entry for 'pncbi8y' already exists, duplicates ignored

warning  (file /usr/share/texlive/texmf-var/fonts/map/pdftex/updmap/pdftex.map) (map file): entry for 'pncbo8y' already exists, duplicates ignored

warning  (file /usr/share/texlive/texmf-var/fonts/map/pdftex/updmap/pdftex.map) (map file): entry for 'pncr8y' already exists, duplicates ignored

warning  (file /usr/share/texlive/texmf-var/fonts/map/pdftex/updmap/pdftex.map) (map file): entry for 'pncri8y' already exists, duplicates ignored

warning  (file /usr/share/texlive/texmf-var/fonts/map/pdftex/updmap/pdftex.map) (map file): entry for 'pncro8y' already exists, duplicates ignored

warning  (file /usr/share/texlive/texmf-var/fonts/map/pdftex/updmap/pdftex.map) (map file): entry for 'pplb8y' already exists, duplicates ignored

warning  (file /usr/share/texlive/texmf-var/fonts/map/pdftex/updmap/pdftex.map) (map file): entry for 'pplbi8y' already exists, duplicates ignored

warning  (file /usr/share/texlive/texmf-var/fonts/map/pdftex/updmap/pdftex.map) (map file): entry for 'pplbo8y' already exists, duplicates ignored

warning  (file /usr/share/texlive/texmf-var/fonts/map/pdftex/updmap/pdftex.map) (map file): entry for 'pplbu8y' already exists, duplicates ignored

warning  (file /usr/share/texlive/texmf-var/fonts/map/pdftex/updmap/pdftex.map) (map file): entry for 'pplr8y' already exists, duplicates ignored

warning  (file /usr/share/texlive/texmf-var/fonts/map/pdftex/updmap/pdftex.map) (map file): entry for 'pplr8yn' already exists, duplicates ignored

warning  (file /usr/share/texlive/texmf-var/fonts/map/pdftex/updmap/pdftex.map) (map file): entry for 'pplri8y' already exists, duplicates ignored

warning  (file /usr/share/texlive/texmf-var/fonts/map/pdftex/updmap/pdftex.map) (map file): entry for 'pplro8y' already exists, duplicates ignored

warning  (file /usr/share/texlive/texmf-var/fonts/map/pdftex/updmap/pdftex.map) (map file): entry for 'pplrr8ye' already exists, duplicates ignored

warning  (file /usr/share/texlive/texmf-var/fonts/map/pdftex/updmap/pdftex.map) (map file): entry for 'pplru8y' already exists, duplicates ignored

warning  (file /usr/share/texlive/texmf-var/fonts/map/pdftex/updmap/pdftex.map) (map file): entry for 'ptmb8y' already exists, duplicates ignored

warning  (file /usr/share/texlive/texmf-var/fonts/map/pdftex/updmap/pdftex.map) (map file): entry for 'ptmbi8y' already exists, duplicates ignored

warning  (file /usr/share/texlive/texmf-var/fonts/map/pdftex/updmap/pdftex.map) (map file): entry for 'ptmbo8y' already exists, duplicates ignored

warning  (file /usr/share/texlive/texmf-var/fonts/map/pdftex/updmap/pdftex.map) (map file): entry for 'ptmr8y' already exists, duplicates ignored

warning  (file /usr/share/texlive/texmf-var/fonts/map/pdftex/updmap/pdftex.map) (map file): entry for 'ptmr8yn' already exists, duplicates ignored

warning  (file /usr/share/texlive/texmf-var/fonts/map/pdftex/updmap/pdftex.map) (map file): entry for 'ptmri8y' already exists, duplicates ignored

warning  (file /usr/share/texlive/texmf-var/fonts/map/pdftex/updmap/pdftex.map) (map file): entry for 'ptmro8y' already exists, duplicates ignored

warning  (file /usr/share/texlive/texmf-var/fonts/map/pdftex/updmap/pdftex.map) (map file): entry for 'ptmrr8ye' already exists, duplicates ignored

warning  (file /usr/share/texlive/texmf-var/fonts/map/pdftex/updmap/pdftex.map) (map file): entry for 'rpxpplb' already exists, duplicates ignored

warning  (file /usr/share/texlive/texmf-var/fonts/map/pdftex/updmap/pdftex.map) (map file): entry for 'rpxpplbi' already exists, duplicates ignored

warning  (file /usr/share/texlive/texmf-var/fonts/map/pdftex/updmap/pdftex.map) (map file): entry for 'rpxpplbo' already exists, duplicates ignored

warning  (file /usr/share/texlive/texmf-var/fonts/map/pdftex/updmap/pdftex.map) (map file): entry for 'rpxpplr' already exists, duplicates ignored

warning  (file /usr/share/texlive/texmf-var/fonts/map/pdftex/updmap/pdftex.map) (map file): entry for 'rpxpplri' already exists, duplicates ignored

warning  (file /usr/share/texlive/texmf-var/fonts/map/pdftex/updmap/pdftex.map) (map file): entry for 'rpxpplro' already exists, duplicates ignored

warning  (file /usr/share/texlive/texmf-var/fonts/map/pdftex/updmap/pdftex.map) (map file): entry for 'pzcmi8y' already exists, duplicates ignored

warning  (file /usr/share/texlive/texmf-var/fonts/map/pdftex/updmap/pdftex.map) (map file): entry for 'pagd8g' already exists, duplicates ignored

warning  (file /usr/share/texlive/texmf-var/fonts/map/pdftex/updmap/pdftex.map) (map file): entry for 'pagdo8g' already exists, duplicates ignored

warning  (file /usr/share/texlive/texmf-var/fonts/map/pdftex/updmap/pdftex.map) (map file): entry for 'pagk8g' already exists, duplicates ignored

warning  (file /usr/share/texlive/texmf-var/fonts/map/pdftex/updmap/pdftex.map) (map file): entry for 'pagko8g' already exists, duplicates ignored

warning  (file /usr/share/texlive/texmf-var/fonts/map/pdftex/updmap/pdftex.map) (map file): entry for 'pbkd8g' already exists, duplicates ignored

warning  (file /usr/share/texlive/texmf-var/fonts/map/pdftex/updmap/pdftex.map) (map file): entry for 'pbkdi8g' already exists, duplicates ignored

warning  (file /usr/share/texlive/texmf-var/fonts/map/pdftex/updmap/pdftex.map) (map file): entry for 'pbkl8g' already exists, duplicates ignored

warning  (file /usr/share/texlive/texmf-var/fonts/map/pdftex/updmap/pdftex.map) (map file): entry for 'pbkli8g' already exists, duplicates ignored

warning  (file /usr/share/texlive/texmf-var/fonts/map/pdftex/updmap/pdftex.map) (map file): entry for 'pcrb8g' already exists, duplicates ignored

warning  (file /usr/share/texlive/texmf-var/fonts/map/pdftex/updmap/pdftex.map) (map file): entry for 'pcrbo8g' already exists, duplicates ignored

warning  (file /usr/share/texlive/texmf-var/fonts/map/pdftex/updmap/pdftex.map) (map file): entry for 'pcrr8g' already exists, duplicates ignored

warning  (file /usr/share/texlive/texmf-var/fonts/map/pdftex/updmap/pdftex.map) (map file): entry for 'pcrro8g' already exists, duplicates ignored

warning  (file /usr/share/texlive/texmf-var/fonts/map/pdftex/updmap/pdftex.map) (map file): entry for 'phvb8g' already exists, duplicates ignored

warning  (file /usr/share/texlive/texmf-var/fonts/map/pdftex/updmap/pdftex.map) (map file): entry for 'phvbo8g' already exists, duplicates ignored

warning  (file /usr/share/texlive/texmf-var/fonts/map/pdftex/updmap/pdftex.map) (map file): entry for 'phvr8g' already exists, duplicates ignored

warning  (file /usr/share/texlive/texmf-var/fonts/map/pdftex/updmap/pdftex.map) (map file): entry for 'phvro8g' already exists, duplicates ignored

warning  (file /usr/share/texlive/texmf-var/fonts/map/pdftex/updmap/pdftex.map) (map file): entry for 'pncb8g' already exists, duplicates ignored

warning  (file /usr/share/texlive/texmf-var/fonts/map/pdftex/updmap/pdftex.map) (map file): entry for 'pncbi8g' already exists, duplicates ignored

warning  (file /usr/share/texlive/texmf-var/fonts/map/pdftex/updmap/pdftex.map) (map file): entry for 'pncr8g' already exists, duplicates ignored

warning  (file /usr/share/texlive/texmf-var/fonts/map/pdftex/updmap/pdftex.map) (map file): entry for 'pncri8g' already exists, duplicates ignored

warning  (file /usr/share/texlive/texmf-var/fonts/map/pdftex/updmap/pdftex.map) (map file): entry for 'pplb8g' already exists, duplicates ignored

warning  (file /usr/share/texlive/texmf-var/fonts/map/pdftex/updmap/pdftex.map) (map file): entry for 'pplbi8g' already exists, duplicates ignored

warning  (file /usr/share/texlive/texmf-var/fonts/map/pdftex/updmap/pdftex.map) (map file): entry for 'pplr8g' already exists, duplicates ignored

warning  (file /usr/share/texlive/texmf-var/fonts/map/pdftex/updmap/pdftex.map) (map file): entry for 'pplri8g' already exists, duplicates ignored

warning  (file /usr/share/texlive/texmf-var/fonts/map/pdftex/updmap/pdftex.map) (map file): entry for 'psyr' already exists, duplicates ignored

warning  (file /usr/share/texlive/texmf-var/fonts/map/pdftex/updmap/pdftex.map) (map file): entry for 'psyrgo' already exists, duplicates ignored

warning  (file /usr/share/texlive/texmf-var/fonts/map/pdftex/updmap/pdftex.map) (map file): entry for 'ptmb8g' already exists, duplicates ignored

warning  (file /usr/share/texlive/texmf-var/fonts/map/pdftex/updmap/pdftex.map) (map file): entry for 'ptmbi8g' already exists, duplicates ignored

warning  (file /usr/share/texlive/texmf-var/fonts/map/pdftex/updmap/pdftex.map) (map file): entry for 'ptmr8g' already exists, duplicates ignored

warning  (file /usr/share/texlive/texmf-var/fonts/map/pdftex/updmap/pdftex.map) (map file): entry for 'ptmri8g' already exists, duplicates ignored

warning  (file /usr/share/texlive/texmf-var/fonts/map/pdftex/updmap/pdftex.map) (map file): entry for 'pzcmi8g' already exists, duplicates ignored

warning  (file /usr/share/texlive/texmf-var/fonts/map/pdftex/updmap/pdftex.map) (map file): entry for 'pzdr' already exists, duplicates ignored

warning  (file /usr/share/texlive/texmf-var/fonts/map/pdftex/updmap/pdftex.map) (map file): entry for 'rtxphvb' already exists, duplicates ignored

warning  (file /usr/share/texlive/texmf-var/fonts/map/pdftex/updmap/pdftex.map) (map file): entry for 'rtxphvbo' already exists, duplicates ignored

warning  (file /usr/share/texlive/texmf-var/fonts/map/pdftex/updmap/pdftex.map) (map file): entry for 'rtxphvr' already exists, duplicates ignored

warning  (file /usr/share/texlive/texmf-var/fonts/map/pdftex/updmap/pdftex.map) (map file): entry for 'rtxphvro' already exists, duplicates ignored

warning  (file /usr/share/texlive/texmf-var/fonts/map/pdftex/updmap/pdftex.map) (map file): entry for 'rtxptmb' already exists, duplicates ignored

warning  (file /usr/share/texlive/texmf-var/fonts/map/pdftex/updmap/pdftex.map) (map file): entry for 'rtxptmbi' already exists, duplicates ignored

warning  (file /usr/share/texlive/texmf-var/fonts/map/pdftex/updmap/pdftex.map) (map file): entry for 'rtxptmbo' already exists, duplicates ignored

warning  (file /usr/share/texlive/texmf-var/fonts/map/pdftex/updmap/pdftex.map) (map file): entry for 'rtxptmr' already exists, duplicates ignored

warning  (file /usr/share/texlive/texmf-var/fonts/map/pdftex/updmap/pdftex.map) (map file): entry for 'rtxptmri' already exists, duplicates ignored

warning  (file /usr/share/texlive/texmf-var/fonts/map/pdftex/updmap/pdftex.map) (map file): entry for 'rtxptmro' already exists, duplicates ignored
}

] (./article.aux)

LaTeX Font Warning: Size substitutions with differences
(Font)              up to 31.17616pt have occurred.


LaTeX Font Warning: Some font shapes were not available, defaults substituted.

)

Here is how much of LuaTeX's memory you used:
 5619 strings out of 478388
 100000,662416 words of node,token memory allocated
 439 words of node memory still in use:
   4 hlist, 1 vlist, 1 rule, 2 glue, 3 kern, 1 glyph, 5 attribute, 52 glue_spec, 5 attribute_list, 1 write nodes
   avail lists: 2:158,3:62,4:34,5:762,6:22,7:5946,9:258,10:10,11:319
 25537 multiletter control sequences out of 65536+600000
 37 fonts using 8213559 bytes
 68i,11n,74p,306b,267s stack positions out of 5000i,500n,10000p,200000b,80000s
</home/clemens/src/mars-ideal-landing-spot/fonts/Carlito-Regular.ttf></home/clemens/src/mars-ideal-landing-spot/fonts/Carlito-Italic.ttf></home/clemens/src/mars-ideal-landing-spot/fonts/Carlito-BoldItalic.ttf></home/clemens/src/mars-ideal-landing-spot/fonts/Carlito-Bold.ttf>
Output written on article.pdf (1 page, 54573 bytes).

PDF statistics: 36 PDF objects out of 1000 (max. 8388607)
 20 compressed objects within 1 object stream
 0 named destinations out of 1000 (max. 131072)
 1 words of extra memory for PDF output out of 10000 (max. 100000000)

